<?xml version="1.0" encoding="UTF-8"?>
<!-- Generated by org.testng.reporters.JUnitXMLReporter -->
<testsuite ignored="0" hostname="DESKTOP-9UHU5ML" failures="1" tests="1" name="Test(failed)" time="19.639" errors="0" timestamp="2024-09-20T15:54:40 IST">
  <testcase classname="testCases.TC002_LoginTest" name="Verify_login" time="11.157">
    <failure type="java.lang.AssertionError" message="expected [true] but found [false]">
      <![CDATA[java.lang.AssertionError: expected [true] but found [false]
at testCases.TC002_LoginTest.Verify_login(TC002_LoginTest.java:35)
at java.base/java.util.ArrayList.forEach(ArrayList.java:1596)
... Removed 29 stack frames]]>
    </failure>
  </testcase> <!-- Verify_login -->
</testsuite> <!-- Test(failed) -->
